
> @workspace/api-server@0.0.0 dev C:\Users\USER\Downloads\LocalHelper New One\backend
> cross-env NODE_ENV=development pnpm run build && pnpm run start


> @workspace/api-server@0.0.0 build C:\Users\USER\Downloads\LocalHelper New One\backend
> node ./build.mjs


> @workspace/api-server@0.0.0 start C:\Users\USER\Downloads\LocalHelper New One\backend
> node --enable-source-maps ./dist/index.mjs

[21:03:37.377] [31mERROR[39m (21820): [36mError listening on port[39m
    err: {
      "type": "Error",
      "message": "listen EADDRINUSE: address already in use :::3000",
      "stack":
          Error: listen EADDRINUSE: address already in use :::3000
              at Server.setupListenHandle [as _listen2] (node:net:1940:16)
              at listenInCluster (node:net:1997:12)
              at Server.listen (node:net:2102:7)
              at app2.listen (C:\Users\USER\Downloads\LocalHelper New One\node_modules\.pnpm\express@5.2.1\node_modules\express\lib\application.js:605:24)
              at <anonymous> (C:\Users\USER\Downloads\LocalHelper New One\backend\src\index.ts:6:5)
              at ModuleJob.run (node:internal/modules/esm/module_job:413:25)
              at async onImport.tracePromise.__proto__ (node:internal/modules/esm/loader:660:26)
              at async asyncRunEntryPointWithESMLoader (node:internal/modules/run_main:101:5)
      "code": "EADDRINUSE",
      "errno": -4091,
      "syscall": "listen",
      "address": "::",
      "port": 3000
    }
 ELIFECYCLE  Command failed with exit code 1.
 ELIFECYCLE  Command failed with exit code 1.
